<?xml version="1.0" encoding="UTF-8"?>
<testsuite xmlns:xsi="http://www.w3.org/2001/XMLSchema-instance" xsi:noNamespaceSchemaLocation="https://maven.apache.org/surefire/maven-surefire-plugin/xsd/surefire-test-report-3.0.xsd" version="3.0" name="ru.marketplace.catalog.repository.impl.JdbcProductRepositoryTest" time="5.445" tests="1" errors="0" skipped="0" failures="0">
  <properties>
[...]
</properties>
  <testcase name="testSaveAndFindAll" classname="ru.marketplace.catalog.repository.impl.JdbcProductRepositoryTest" time="0.039">
    <system-out><![CDATA[2025-12-07T16:16:50.779+03:00  INFO 14860 --- [product-catalog-service] [           main] t.c.s.AnnotationConfigContextLoaderUtils : Could not detect default configuration classes for test class [ru.marketplace.catalog.repository.impl.JdbcProductRepositoryTest]: JdbcProductRepositoryTest does not declare any static, non-private, non-final, nested classes annotated with @Configuration.
2025-12-07T16:16:50.803+03:00  INFO 14860 --- [product-catalog-service] [           main] .b.t.c.SpringBootTestContextBootstrapper : Found @SpringBootConfiguration ru.marketplace.catalog.MarketplaceApplication for test class ru.marketplace.catalog.repository.impl.JdbcProductRepositoryTest
2025-12-07T16:16:50.830+03:00  INFO 14860 --- [product-catalog-service] [           main] org.testcontainers.images.PullPolicy     : Image pull policy will be performed by: DefaultPullPolicy()
2025-12-07T16:16:50.832+03:00  INFO 14860 --- [product-catalog-service] [           main] o.t.utility.ImageNameSubstitutor         : Image name substitution will be performed by: DefaultImageNameSubstitutor (composite of 'ConfigurationFileImageNameSubstitutor' and 'PrefixingImageNameSubstitutor')
2025-12-07T16:16:51.017+03:00  INFO 14860 --- [product-catalog-service] [           main] o.t.d.DockerClientProviderStrategy       : Loaded org.testcontainers.dockerclient.NpipeSocketClientProviderStrategy from ~/.testcontainers.properties, will try it first
2025-12-07T16:16:51.260+03:00  INFO 14860 --- [product-catalog-service] [           main] o.t.d.DockerClientProviderStrategy       : Found Docker environment with local Npipe socket (npipe:////./pipe/docker_engine)
2025-12-07T16:16:51.261+03:00  INFO 14860 --- [product-catalog-service] [           main] org.testcontainers.DockerClientFactory   : Docker host IP address is localhost
2025-12-07T16:16:51.283+03:00  INFO 14860 --- [product-catalog-service] [           main] org.testcontainers.DockerClientFactory   : Connected to docker: 
  Server Version: 28.5.2
  API Version: 1.51
  Operating System: Docker Desktop
  Total Memory: 7639 MB
2025-12-07T16:16:51.374+03:00  INFO 14860 --- [product-catalog-service] [           main] tc.testcontainers/ryuk:0.5.1             : Creating container for image: testcontainers/ryuk:0.5.1
2025-12-07T16:16:51.591+03:00  INFO 14860 --- [product-catalog-service] [           main] tc.testcontainers/ryuk:0.5.1             : Container testcontainers/ryuk:0.5.1 is starting: 91bc7eb45233483a7e933466297d9868e001336bd5f0d2e183906bb1d74374b9
2025-12-07T16:16:52.010+03:00  INFO 14860 --- [product-catalog-service] [           main] tc.testcontainers/ryuk:0.5.1             : Container testcontainers/ryuk:0.5.1 started in PT0.6365918S
2025-12-07T16:16:52.016+03:00  INFO 14860 --- [product-catalog-service] [           main] o.t.utility.RyukResourceReaper           : Ryuk started - will monitor and terminate Testcontainers containers on JVM exit
2025-12-07T16:16:52.016+03:00  INFO 14860 --- [product-catalog-service] [           main] org.testcontainers.DockerClientFactory   : Checking the system...
2025-12-07T16:16:52.016+03:00  INFO 14860 --- [product-catalog-service] [           main] org.testcontainers.DockerClientFactory   : ?? Docker server version should be at least 1.6.0
2025-12-07T16:16:52.017+03:00  INFO 14860 --- [product-catalog-service] [           main] tc.postgres:15-alpine                    : Creating container for image: postgres:15-alpine
2025-12-07T16:16:52.083+03:00  INFO 14860 --- [product-catalog-service] [           main] tc.postgres:15-alpine                    : Container postgres:15-alpine is starting: 47ff79fd4ab80612c6b9528fee60a82ece0c66a0d56ccee71c118bce7263079f
2025-12-07T16:16:54.142+03:00  INFO 14860 --- [product-catalog-service] [           main] tc.postgres:15-alpine                    : Container postgres:15-alpine started in PT2.1253114S
2025-12-07T16:16:54.143+03:00  INFO 14860 --- [product-catalog-service] [           main] tc.postgres:15-alpine                    : Container is started (JDBC URL: jdbc:postgresql://localhost:53284/test_db?loggerLevel=OFF)
2025-12-07T16:16:54.151+03:00  INFO 14860 --- [product-catalog-service] [           main] org.testcontainers.ext.ScriptUtils       : Executing database script from init-schemas.sql
2025-12-07T16:16:54.296+03:00  INFO 14860 --- [product-catalog-service] [           main] org.testcontainers.ext.ScriptUtils       : Executed database script from init-schemas.sql in 145 ms.

  .   ____          _            __ _ _
 /\\ / ___'_ __ _ _(_)_ __  __ _ \ \ \ \
( ( )\___ | '_ | '_| | '_ \/ _` | \ \ \ \
 \\/  ___)| |_)| | | | | || (_| |  ) ) ) )
  '  |____| .__|_| |_|_| |_\__, | / / / /
 =========|_|==============|___/=/_/_/_/
 :: Spring Boot ::                (v3.2.0)

2025-12-07T16:16:54.330+03:00  INFO 14860 --- [product-catalog-service] [           main] r.m.c.r.impl.JdbcProductRepositoryTest   : Starting JdbcProductRepositoryTest using Java 17.0.16 with PID 14860 (started by user in D:\Java Projects\Product_Catalog_Service\product-catalog-service)
2025-12-07T16:16:54.331+03:00  INFO 14860 --- [product-catalog-service] [           main] r.m.c.r.impl.JdbcProductRepositoryTest   : No active profile set, falling back to 1 default profile: "default"
2025-12-07T16:16:54.652+03:00  INFO 14860 --- [product-catalog-service] [           main] com.zaxxer.hikari.HikariDataSource       : HikariPool-1 - Starting...
2025-12-07T16:16:54.691+03:00  INFO 14860 --- [product-catalog-service] [           main] com.zaxxer.hikari.pool.HikariPool        : HikariPool-1 - Added connection org.postgresql.jdbc.PgConnection@72ce8a9b
2025-12-07T16:16:54.693+03:00  INFO 14860 --- [product-catalog-service] [           main] com.zaxxer.hikari.HikariDataSource       : HikariPool-1 - Start completed.
2025-12-07T16:16:55.311+03:00  INFO 14860 --- [product-catalog-service] [           main] liquibase.changelog                      : Creating database history table with name: liquibase_service.databasechangelog
2025-12-07T16:16:55.396+03:00  INFO 14860 --- [product-catalog-service] [           main] liquibase.changelog                      : Reading from liquibase_service.databasechangelog
2025-12-07T16:16:55.494+03:00  INFO 14860 --- [product-catalog-service] [           main] liquibase.lockservice                    : Successfully acquired change log lock
2025-12-07T16:16:55.496+03:00  INFO 14860 --- [product-catalog-service] [           main] liquibase.command                        : Using deploymentId: 5113415496
2025-12-07T16:16:55.498+03:00  INFO 14860 --- [product-catalog-service] [           main] liquibase.changelog                      : Reading from liquibase_service.databasechangelog
Running Changeset: db/changelog/changeset/002-create-products-table.xml::2-create-products-table::your_name
2025-12-07T16:16:55.534+03:00  INFO 14860 --- [product-catalog-service] [           main] liquibase.changelog                      : Sequence products_id_seq created
2025-12-07T16:16:55.544+03:00  INFO 14860 --- [product-catalog-service] [           main] liquibase.changelog                      : Table products created
2025-12-07T16:16:55.546+03:00  INFO 14860 --- [product-catalog-service] [           main] liquibase.changelog                      : ChangeSet db/changelog/changeset/002-create-products-table.xml::2-create-products-table::your_name ran successfully in 20ms
Running Changeset: db/changelog/changeset/003-create-users-table.xml::3-create-users-table::your_name
2025-12-07T16:16:55.561+03:00  INFO 14860 --- [product-catalog-service] [           main] liquibase.changelog                      : Sequence users_id_seq created
2025-12-07T16:16:55.568+03:00  INFO 14860 --- [product-catalog-service] [           main] liquibase.changelog                      : Table users created
2025-12-07T16:16:55.570+03:00  INFO 14860 --- [product-catalog-service] [           main] liquibase.changelog                      : ChangeSet db/changelog/changeset/003-create-users-table.xml::3-create-users-table::your_name ran successfully in 12ms
Running Changeset: db/changelog/changeset/004-insert-initial-data.xml::4-insert-initial-data::SuyundukovGaisar
2025-12-07T16:16:55.583+03:00  INFO 14860 --- [product-catalog-service] [           main] liquibase.changelog                      : New row inserted into products
2025-12-07T16:16:55.586+03:00  INFO 14860 --- [product-catalog-service] [           main] liquibase.changelog                      : New row inserted into products
2025-12-07T16:16:55.589+03:00  INFO 14860 --- [product-catalog-service] [           main] liquibase.changelog                      : New row inserted into products
2025-12-07T16:16:55.592+03:00  INFO 14860 --- [product-catalog-service] [           main] liquibase.changelog                      : New row inserted into users
2025-12-07T16:16:55.594+03:00  INFO 14860 --- [product-catalog-service] [           main] liquibase.changelog                      : ChangeSet db/changelog/changeset/004-insert-initial-data.xml::4-insert-initial-data::SuyundukovGaisar ran successfully in 15ms
Running Changeset: db/changelog/changeset/005-create-audit-table.xml::create-audit-table::student
2025-12-07T16:16:55.635+03:00  INFO 14860 --- [product-catalog-service] [           main] liquibase.changelog                      : Table audit_logs created
2025-12-07T16:16:55.637+03:00  INFO 14860 --- [product-catalog-service] [           main] liquibase.changelog                      : ChangeSet db/changelog/changeset/005-create-audit-table.xml::create-audit-table::student ran successfully in 38ms
2025-12-07T16:16:55.648+03:00  INFO 14860 --- [product-catalog-service] [           main] liquibase.util                           : UPDATE SUMMARY
2025-12-07T16:16:55.648+03:00  INFO 14860 --- [product-catalog-service] [           main] liquibase.util                           : Run:                          4
2025-12-07T16:16:55.649+03:00  INFO 14860 --- [product-catalog-service] [           main] liquibase.util                           : Previously run:               0
2025-12-07T16:16:55.649+03:00  INFO 14860 --- [product-catalog-service] [           main] liquibase.util                           : Filtered out:                 0
2025-12-07T16:16:55.649+03:00  INFO 14860 --- [product-catalog-service] [           main] liquibase.util                           : -------------------------------
2025-12-07T16:16:55.649+03:00  INFO 14860 --- [product-catalog-service] [           main] liquibase.util                           : Total change sets:            4
2025-12-07T16:16:55.649+03:00  INFO 14860 --- [product-catalog-service] [           main] liquibase.util                           : Update summary generated
2025-12-07T16:16:55.651+03:00  INFO 14860 --- [product-catalog-service] [           main] liquibase.command                        : Update command completed successfully.
Liquibase: Update has been successful. Rows affected: 8
2025-12-07T16:16:55.660+03:00  INFO 14860 --- [product-catalog-service] [           main] liquibase.lockservice                    : Successfully released change log lock
2025-12-07T16:16:55.662+03:00  INFO 14860 --- [product-catalog-service] [           main] liquibase.command                        : Command execution complete
2025-12-07T16:16:55.711+03:00  INFO 14860 --- [product-catalog-service] [           main] r.m.c.r.impl.JdbcProductRepositoryTest   : Started JdbcProductRepositoryTest in 1.411 seconds (process running for 7.999)
]]></system-out>
  </testcase>
</testsuite>