<?xml version="1.0" encoding="UTF-8"?>
<testsuite xmlns:xsi="http://www.w3.org/2001/XMLSchema-instance" xsi:noNamespaceSchemaLocation="https://maven.apache.org/surefire/maven-surefire-plugin/xsd/surefire-test-report-3.0.xsd" version="3.0" name="ru.marketplace.catalog.controller.ProductControllerTest" time="2.496" tests="5" errors="0" skipped="0" failures="0">
  <properties>
[...]
</properties>
  <testcase name="getProductById_ShouldReturn404_WhenNotExists" classname="ru.marketplace.catalog.controller.ProductControllerTest" time="0.149">
    <system-out><![CDATA[16:16:48.401 [main] INFO org.springframework.test.context.support.AnnotationConfigContextLoaderUtils -- Could not detect default configuration classes for test class [ru.marketplace.catalog.controller.ProductControllerTest]: ProductControllerTest does not declare any static, non-private, non-final, nested classes annotated with @Configuration.
16:16:48.527 [main] INFO org.springframework.boot.test.context.SpringBootTestContextBootstrapper -- Found @SpringBootConfiguration ru.marketplace.catalog.MarketplaceApplication for test class ru.marketplace.catalog.controller.ProductControllerTest

  .   ____          _            __ _ _
 /\\ / ___'_ __ _ _(_)_ __  __ _ \ \ \ \
( ( )\___ | '_ | '_| | '_ \/ _` | \ \ \ \
 \\/  ___)| |_)| | | | | || (_| |  ) ) ) )
  '  |____| .__|_| |_|_| |_\__, | / / / /
 =========|_|==============|___/=/_/_/_/
 :: Spring Boot ::                (v3.2.0)

2025-12-07T16:16:48.857+03:00  INFO 14860 --- [product-catalog-service] [           main] r.m.c.controller.ProductControllerTest   : Starting ProductControllerTest using Java 17.0.16 with PID 14860 (started by user in D:\Java Projects\Product_Catalog_Service\product-catalog-service)
2025-12-07T16:16:48.858+03:00  INFO 14860 --- [product-catalog-service] [           main] r.m.c.controller.ProductControllerTest   : No active profile set, falling back to 1 default profile: "default"
2025-12-07T16:16:50.407+03:00  INFO 14860 --- [product-catalog-service] [           main] o.s.b.t.m.w.SpringBootMockServletContext : Initializing Spring TestDispatcherServlet ''
2025-12-07T16:16:50.407+03:00  INFO 14860 --- [product-catalog-service] [           main] o.s.t.web.servlet.TestDispatcherServlet  : Initializing Servlet ''
2025-12-07T16:16:50.409+03:00  INFO 14860 --- [product-catalog-service] [           main] o.s.t.web.servlet.TestDispatcherServlet  : Completed initialization in 1 ms
2025-12-07T16:16:50.428+03:00  INFO 14860 --- [product-catalog-service] [           main] r.m.c.controller.ProductControllerTest   : Started ProductControllerTest in 1.842 seconds (process running for 2.716)
]]></system-out>
  </testcase>
  <testcase name="createProduct_ShouldReturnBadRequest_WhenInvalid" classname="ru.marketplace.catalog.controller.ProductControllerTest" time="0.11"/>
  <testcase name="createProduct_ShouldReturnCreated" classname="ru.marketplace.catalog.controller.ProductControllerTest" time="0.039"/>
  <testcase name="getAllProducts_ShouldReturnList" classname="ru.marketplace.catalog.controller.ProductControllerTest" time="0.008"/>
  <testcase name="getProductById_ShouldReturnProduct_WhenExists" classname="ru.marketplace.catalog.controller.ProductControllerTest" time="0.007"/>
</testsuite>